build/app/intermediates/manifest_merge_blame_file/debug/manifest-merger-blame-debug-report.txt
1<?xml version="1.0" encoding="utf-8"?>
2<manifest xmlns:android="http://schemas.android.com/apk/res/android"
3    package="com.indglobalyomess"
4    android:versionCode="5"
5    android:versionName="2.5.0" >
6
7    <uses-sdk
8        android:minSdkVersion="19"
9        android:targetSdkVersion="29" />
10    <!--
11         Flutter needs it to communicate with the running application
12         to allow setting breakpoints, to provide hot reload, etc.
13    -->
14    <uses-permission android:name="android.permission.INTERNET" />
14-->src\main\AndroidManifest.xml:4:5-66
14-->src\main\AndroidManifest.xml:4:22-64
15    <uses-permission android:name="android.permission.ACCESS_FINE_LOCATION" />
15-->src\main\AndroidManifest.xml:5:5-78
15-->src\main\AndroidManifest.xml:5:22-76
16    <uses-permission android:name="android.permission.ACCESS_COARSE_LOCATION" />
16-->src\main\AndroidManifest.xml:6:5-80
16-->src\main\AndroidManifest.xml:6:22-78
17    <uses-permission android:name="android.permission.ACCESS_NETWORK_STATE" />
17-->src\main\AndroidManifest.xml:7:5-79
17-->src\main\AndroidManifest.xml:7:22-76
18    <uses-permission android:name="android.permission.WAKE_LOCK" /> <!-- Required by older versions of Google Play services to create IID tokens -->
18-->[com.google.android.gms:play-services-measurement-api:17.4.1] AndroidManifest.xml:24:5-68
18-->[com.google.android.gms:play-services-measurement-api:17.4.1] AndroidManifest.xml:24:22-65
19    <uses-permission android:name="com.google.android.c2dm.permission.RECEIVE" />
19-->[com.google.firebase:firebase-iid:20.1.7] AndroidManifest.xml:26:5-82
19-->[com.google.firebase:firebase-iid:20.1.7] AndroidManifest.xml:26:22-79
20    <uses-permission android:name="com.google.android.finsky.permission.BIND_GET_INSTALL_REFERRER_SERVICE" />
20-->[com.google.android.gms:play-services-measurement:17.4.1] AndroidManifest.xml:26:5-110
20-->[com.google.android.gms:play-services-measurement:17.4.1] AndroidManifest.xml:26:22-107
21
22    <uses-feature
22-->[com.google.android.gms:play-services-maps:17.0.0] AndroidManifest.xml:26:5-28:35
23        android:glEsVersion="0x00020000"
23-->[com.google.android.gms:play-services-maps:17.0.0] AndroidManifest.xml:27:9-41
24        android:required="true" />
24-->[com.google.android.gms:play-services-maps:17.0.0] AndroidManifest.xml:28:9-32
25    <!--
26 io.flutter.app.FlutterApplication is an android.app.Application that
27         calls FlutterMain.startInitialization(this); in its onCreate method.
28         In most cases you can leave this as-is, but you if you want to provide
29         additional functionality it is fine to subclass or reimplement
30         FlutterApplication and put your custom class here.
31    -->
32    <application
32-->src\main\AndroidManifest.xml:13:5-80:19
33        android:name="io.flutter.app.FlutterApplication"
33-->src\main\AndroidManifest.xml:14:9-57
34        android:appComponentFactory="androidx.core.app.CoreComponentFactory"
34-->[androidx.core:core:1.1.0] AndroidManifest.xml:24:18-86
35        android:debuggable="true"
36        android:icon="@mipmap/ic_launcher"
36-->src\main\AndroidManifest.xml:16:9-43
37        android:label="Food Delivery App"
37-->src\main\AndroidManifest.xml:15:9-42
38        android:supportsRtl="true" >
38-->[com.facebook.android:facebook-android-sdk:5.15.3] AndroidManifest.xml:28:18-44
39        <meta-data
39-->src\main\AndroidManifest.xml:18:9-19:63
40            android:name="com.google.android.geo.API_KEY"
40-->src\main\AndroidManifest.xml:18:20-65
41            android:value="YOUR_GOOGLE_MAPS_API_HERE" />
41-->src\main\AndroidManifest.xml:19:20-61
42        <meta-data
42-->src\main\AndroidManifest.xml:20:9-22:62
43            android:name="com.google.firebase.messaging.default_notification_icon"
43-->src\main\AndroidManifest.xml:21:17-87
44            android:resource="@mipmap/ic_notification" />
44-->src\main\AndroidManifest.xml:22:17-59
45
46        <activity
46-->src\main\AndroidManifest.xml:23:9-55:20
47            android:name="com.indglobalyomess.MainActivity"
47-->src\main\AndroidManifest.xml:24:13-41
48            android:configChanges="orientation|keyboardHidden|keyboard|screenSize|smallestScreenSize|locale|layoutDirection|fontScale|screenLayout|density|uiMode"
48-->src\main\AndroidManifest.xml:27:13-163
49            android:hardwareAccelerated="true"
49-->src\main\AndroidManifest.xml:28:13-47
50            android:launchMode="singleTop"
50-->src\main\AndroidManifest.xml:25:13-43
51            android:theme="@style/LaunchTheme"
51-->src\main\AndroidManifest.xml:26:13-47
52            android:windowSoftInputMode="adjustResize" >
52-->src\main\AndroidManifest.xml:29:13-55
53
54            <!--
55                 This keeps the window background of the activity showing
56                 until Flutter renders its first frame. It can be removed if
57                 there is no splash screen (such as the default splash screen
58                 defined in @style/LaunchTheme).
59            -->
60            <meta-data
60-->src\main\AndroidManifest.xml:34:13-37:17
61                android:name="io.flutter.embedding.android.NormalTheme"
61-->src\main\AndroidManifest.xml:35:15-70
62                android:resource="@style/NormalTheme" />
62-->src\main\AndroidManifest.xml:36:15-52
63            <!--
64                 Displays an Android View that continues showing the launch screen
65                 Drawable until Flutter paints its first frame, then this splash
66                 screen fades out. A splash screen is useful to avoid any visual
67                 gap between the end of Android's launch screen and the painting of
68                 Flutter's first frame.
69            -->
70            <meta-data
70-->src\main\AndroidManifest.xml:43:13-46:17
71                android:name="io.flutter.embedding.android.SplashScreenDrawable"
71-->src\main\AndroidManifest.xml:44:15-79
72                android:resource="@drawable/launch_background" />
72-->src\main\AndroidManifest.xml:45:15-61
73
74            <intent-filter>
74-->src\main\AndroidManifest.xml:47:13-50:29
75                <action android:name="android.intent.action.MAIN" />
75-->src\main\AndroidManifest.xml:48:17-68
75-->src\main\AndroidManifest.xml:48:25-66
76
77                <category android:name="android.intent.category.LAUNCHER" />
77-->src\main\AndroidManifest.xml:49:17-76
77-->src\main\AndroidManifest.xml:49:27-74
78            </intent-filter>
79            <intent-filter>
79-->src\main\AndroidManifest.xml:51:13-54:29
80                <action android:name="FLUTTER_NOTIFICATION_CLICK" />
80-->src\main\AndroidManifest.xml:52:17-69
80-->src\main\AndroidManifest.xml:52:25-66
81
82                <category android:name="android.intent.category.DEFAULT" />
82-->src\main\AndroidManifest.xml:53:17-76
82-->src\main\AndroidManifest.xml:53:27-73
83            </intent-filter>
84        </activity>
85        <!--
86             Don't delete the meta-data below.
87             This is used by the Flutter tool to generate GeneratedPluginRegistrant.java
88        -->
89        <meta-data
89-->src\main\AndroidManifest.xml:58:9-60:33
90            android:name="flutterEmbedding"
90-->src\main\AndroidManifest.xml:59:13-44
91            android:value="2" />
91-->src\main\AndroidManifest.xml:60:13-30
92        <meta-data
92-->src\main\AndroidManifest.xml:62:9-63:54
93            android:name="com.facebook.sdk.ApplicationId"
93-->src\main\AndroidManifest.xml:62:20-65
94            android:value="@string/facebook_app_id" />
94-->src\main\AndroidManifest.xml:63:13-52
95
96        <activity
96-->src\main\AndroidManifest.xml:65:9-68:48
97            android:name="com.facebook.FacebookActivity"
97-->src\main\AndroidManifest.xml:65:19-63
98            android:configChanges="keyboard|keyboardHidden|screenLayout|screenSize|orientation"
98-->src\main\AndroidManifest.xml:66:13-114
99            android:label="@string/app_name"
99-->src\main\AndroidManifest.xml:68:13-45
100            android:theme="@style/com_facebook_activity_theme" />
100-->[com.facebook.android:facebook-common:5.15.3] AndroidManifest.xml:33:13-63
101        <activity
101-->src\main\AndroidManifest.xml:69:9-78:20
102            android:name="com.facebook.CustomTabActivity"
102-->src\main\AndroidManifest.xml:70:13-58
103            android:exported="true" >
103-->src\main\AndroidManifest.xml:71:13-36
104            <intent-filter>
104-->src\main\AndroidManifest.xml:72:13-77:29
105                <action android:name="android.intent.action.VIEW" />
105-->src\main\AndroidManifest.xml:73:17-69
105-->src\main\AndroidManifest.xml:73:25-66
106
107                <category android:name="android.intent.category.DEFAULT" />
107-->src\main\AndroidManifest.xml:53:17-76
107-->src\main\AndroidManifest.xml:53:27-73
108                <category android:name="android.intent.category.BROWSABLE" />
108-->src\main\AndroidManifest.xml:75:17-78
108-->src\main\AndroidManifest.xml:75:27-75
109
110                <data android:scheme="@string/fb_login_protocol_scheme" />
110-->src\main\AndroidManifest.xml:76:17-75
110-->src\main\AndroidManifest.xml:76:23-72
111            </intent-filter>
112            <intent-filter>
112-->[com.facebook.android:facebook-common:5.15.3] AndroidManifest.xml:39:13-48:29
113                <action android:name="android.intent.action.VIEW" />
113-->src\main\AndroidManifest.xml:73:17-69
113-->src\main\AndroidManifest.xml:73:25-66
114
115                <category android:name="android.intent.category.DEFAULT" />
115-->src\main\AndroidManifest.xml:53:17-76
115-->src\main\AndroidManifest.xml:53:27-73
116                <category android:name="android.intent.category.BROWSABLE" />
116-->src\main\AndroidManifest.xml:75:17-78
116-->src\main\AndroidManifest.xml:75:27-75
117
118                <data
118-->src\main\AndroidManifest.xml:76:17-75
119                    android:host="cct.com.indglobalyomess"
120                    android:scheme="fbconnect" />
120-->src\main\AndroidManifest.xml:76:23-72
121            </intent-filter>
122        </activity>
123
124        <service
124-->[:cloud_firestore] AndroidManifest.xml:8:9-12:19
125            android:name="com.google.firebase.components.ComponentDiscoveryService"
125-->[:cloud_firestore] AndroidManifest.xml:8:18-89
126            android:directBootAware="true"
126-->[com.google.firebase:firebase-common:19.3.0] AndroidManifest.xml:34:13-43
127            android:exported="false" >
127-->[com.google.firebase:firebase-messaging:20.1.7] AndroidManifest.xml:37:13-37
128            <meta-data
128-->[:cloud_firestore] AndroidManifest.xml:9:13-11:85
129                android:name="com.google.firebase.components:io.flutter.plugins.firebase.firestore.FlutterFirebaseFirestoreRegistrar"
129-->[:cloud_firestore] AndroidManifest.xml:10:17-134
130                android:value="com.google.firebase.components.ComponentRegistrar" />
130-->[:cloud_firestore] AndroidManifest.xml:11:17-82
131            <meta-data
131-->[:firebase_auth] AndroidManifest.xml:9:13-11:85
132                android:name="com.google.firebase.components:io.flutter.plugins.firebase.auth.FlutterFirebaseAuthRegistrar"
132-->[:firebase_auth] AndroidManifest.xml:10:17-124
133                android:value="com.google.firebase.components.ComponentRegistrar" />
133-->[:firebase_auth] AndroidManifest.xml:11:17-82
134            <meta-data
134-->[:firebase_messaging] AndroidManifest.xml:14:13-16:85
135                android:name="com.google.firebase.components:io.flutter.plugins.firebasemessaging.FlutterFirebaseAppRegistrar"
135-->[:firebase_messaging] AndroidManifest.xml:15:17-127
136                android:value="com.google.firebase.components.ComponentRegistrar" />
136-->[:firebase_messaging] AndroidManifest.xml:16:17-82
137            <meta-data
137-->[:firebase_core] AndroidManifest.xml:9:13-11:85
138                android:name="com.google.firebase.components:io.flutter.plugins.firebase.core.FlutterFirebaseCoreRegistrar"
138-->[:firebase_core] AndroidManifest.xml:10:17-124
139                android:value="com.google.firebase.components.ComponentRegistrar" />
139-->[:firebase_core] AndroidManifest.xml:11:17-82
140            <meta-data
140-->[com.google.firebase:firebase-messaging:20.1.7] AndroidManifest.xml:38:13-40:85
141                android:name="com.google.firebase.components:com.google.firebase.messaging.FirebaseMessagingRegistrar"
141-->[com.google.firebase:firebase-messaging:20.1.7] AndroidManifest.xml:39:17-119
142                android:value="com.google.firebase.components.ComponentRegistrar" />
142-->[com.google.firebase:firebase-messaging:20.1.7] AndroidManifest.xml:40:17-82
143            <meta-data
143-->[com.google.android.gms:play-services-measurement-api:17.4.1] AndroidManifest.xml:30:13-32:85
144                android:name="com.google.firebase.components:com.google.firebase.analytics.connector.internal.AnalyticsConnectorRegistrar"
144-->[com.google.android.gms:play-services-measurement-api:17.4.1] AndroidManifest.xml:31:17-139
145                android:value="com.google.firebase.components.ComponentRegistrar" />
145-->[com.google.android.gms:play-services-measurement-api:17.4.1] AndroidManifest.xml:32:17-82
146            <meta-data
146-->[com.google.firebase:firebase-iid:20.1.7] AndroidManifest.xml:32:13-34:85
147                android:name="com.google.firebase.components:com.google.firebase.iid.Registrar"
147-->[com.google.firebase:firebase-iid:20.1.7] AndroidManifest.xml:33:17-96
148                android:value="com.google.firebase.components.ComponentRegistrar" />
148-->[com.google.firebase:firebase-iid:20.1.7] AndroidManifest.xml:34:17-82
149            <meta-data
149-->[com.google.firebase:firebase-auth:19.3.1] AndroidManifest.xml:36:13-38:85
150                android:name="com.google.firebase.components:com.google.firebase.auth.FirebaseAuthRegistrar"
150-->[com.google.firebase:firebase-auth:19.3.1] AndroidManifest.xml:37:17-109
151                android:value="com.google.firebase.components.ComponentRegistrar" />
151-->[com.google.firebase:firebase-auth:19.3.1] AndroidManifest.xml:38:17-82
152            <meta-data
152-->[com.google.firebase:firebase-datatransport:17.0.3] AndroidManifest.xml:28:13-30:85
153                android:name="com.google.firebase.components:com.google.firebase.datatransport.TransportRegistrar"
153-->[com.google.firebase:firebase-datatransport:17.0.3] AndroidManifest.xml:29:17-115
154                android:value="com.google.firebase.components.ComponentRegistrar" />
154-->[com.google.firebase:firebase-datatransport:17.0.3] AndroidManifest.xml:30:17-82
155            <meta-data
155-->[com.google.firebase:firebase-installations:16.3.0] AndroidManifest.xml:17:13-19:85
156                android:name="com.google.firebase.components:com.google.firebase.installations.FirebaseInstallationsRegistrar"
156-->[com.google.firebase:firebase-installations:16.3.0] AndroidManifest.xml:18:17-127
157                android:value="com.google.firebase.components.ComponentRegistrar" />
157-->[com.google.firebase:firebase-installations:16.3.0] AndroidManifest.xml:19:17-82
158            <meta-data
158-->[com.google.firebase:firebase-firestore:21.4.3] AndroidManifest.xml:20:13-22:85
159                android:name="com.google.firebase.components:com.google.firebase.firestore.FirestoreRegistrar"
159-->[com.google.firebase:firebase-firestore:21.4.3] AndroidManifest.xml:21:17-111
160                android:value="com.google.firebase.components.ComponentRegistrar" />
160-->[com.google.firebase:firebase-firestore:21.4.3] AndroidManifest.xml:22:17-82
161        </service>
162        <service android:name="io.flutter.plugins.firebasemessaging.FlutterFirebaseMessagingService" >
162-->[:firebase_messaging] AndroidManifest.xml:8:9-12:19
162-->[:firebase_messaging] AndroidManifest.xml:8:18-101
163            <intent-filter>
163-->[:firebase_messaging] AndroidManifest.xml:9:13-11:29
164                <action android:name="com.google.firebase.MESSAGING_EVENT" />
164-->[:firebase_messaging] AndroidManifest.xml:10:17-78
164-->[:firebase_messaging] AndroidManifest.xml:10:25-75
165            </intent-filter>
166        </service>
167
168        <activity
168-->[:url_launcher] AndroidManifest.xml:8:9-11:74
169            android:name="io.flutter.plugins.urllauncher.WebViewActivity"
169-->[:url_launcher] AndroidManifest.xml:9:13-74
170            android:exported="false"
170-->[:url_launcher] AndroidManifest.xml:10:13-37
171            android:theme="@android:style/Theme.NoTitleBar.Fullscreen" />
171-->[:url_launcher] AndroidManifest.xml:11:13-71
172        <!--
173             FirebaseMessagingService performs security checks at runtime,
174             but set to not exported to explicitly avoid allowing another app to call it.
175        -->
176        <service
176-->[com.google.firebase:firebase-messaging:20.1.7] AndroidManifest.xml:28:9-34:19
177            android:name="com.google.firebase.messaging.FirebaseMessagingService"
177-->[com.google.firebase:firebase-messaging:20.1.7] AndroidManifest.xml:29:13-82
178            android:exported="false" >
178-->[com.google.firebase:firebase-messaging:20.1.7] AndroidManifest.xml:30:13-37
179            <intent-filter android:priority="-500" >
179-->[:firebase_messaging] AndroidManifest.xml:9:13-11:29
180                <action android:name="com.google.firebase.MESSAGING_EVENT" />
180-->[:firebase_messaging] AndroidManifest.xml:10:17-78
180-->[:firebase_messaging] AndroidManifest.xml:10:25-75
181            </intent-filter>
182        </service>
183
184        <receiver
184-->[com.google.firebase:firebase-iid:20.1.7] AndroidManifest.xml:37:9-44:20
185            android:name="com.google.firebase.iid.FirebaseInstanceIdReceiver"
185-->[com.google.firebase:firebase-iid:20.1.7] AndroidManifest.xml:38:13-78
186            android:exported="true"
186-->[com.google.firebase:firebase-iid:20.1.7] AndroidManifest.xml:39:13-36
187            android:permission="com.google.android.c2dm.permission.SEND" >
187-->[com.google.firebase:firebase-iid:20.1.7] AndroidManifest.xml:40:13-73
188            <intent-filter>
188-->[com.google.firebase:firebase-iid:20.1.7] AndroidManifest.xml:41:13-43:29
189                <action android:name="com.google.android.c2dm.intent.RECEIVE" />
189-->[com.google.firebase:firebase-iid:20.1.7] AndroidManifest.xml:42:17-81
189-->[com.google.firebase:firebase-iid:20.1.7] AndroidManifest.xml:42:25-78
190            </intent-filter>
191        </receiver>
192        <receiver
192-->[com.google.android.gms:play-services-measurement:17.4.1] AndroidManifest.xml:29:9-33:20
193            android:name="com.google.android.gms.measurement.AppMeasurementReceiver"
193-->[com.google.android.gms:play-services-measurement:17.4.1] AndroidManifest.xml:30:13-85
194            android:enabled="true"
194-->[com.google.android.gms:play-services-measurement:17.4.1] AndroidManifest.xml:31:13-35
195            android:exported="false" >
195-->[com.google.android.gms:play-services-measurement:17.4.1] AndroidManifest.xml:32:13-37
196        </receiver>
197
198        <service
198-->[com.google.android.gms:play-services-measurement:17.4.1] AndroidManifest.xml:35:9-38:40
199            android:name="com.google.android.gms.measurement.AppMeasurementService"
199-->[com.google.android.gms:play-services-measurement:17.4.1] AndroidManifest.xml:36:13-84
200            android:enabled="true"
200-->[com.google.android.gms:play-services-measurement:17.4.1] AndroidManifest.xml:37:13-35
201            android:exported="false" />
201-->[com.google.android.gms:play-services-measurement:17.4.1] AndroidManifest.xml:38:13-37
202        <service
202-->[com.google.android.gms:play-services-measurement:17.4.1] AndroidManifest.xml:39:9-43:72
203            android:name="com.google.android.gms.measurement.AppMeasurementJobService"
203-->[com.google.android.gms:play-services-measurement:17.4.1] AndroidManifest.xml:40:13-87
204            android:enabled="true"
204-->[com.google.android.gms:play-services-measurement:17.4.1] AndroidManifest.xml:41:13-35
205            android:exported="false"
205-->[com.google.android.gms:play-services-measurement:17.4.1] AndroidManifest.xml:42:13-37
206            android:permission="android.permission.BIND_JOB_SERVICE" />
206-->[com.google.android.gms:play-services-measurement:17.4.1] AndroidManifest.xml:43:13-69
207
208        <activity android:name="com.facebook.CustomTabMainActivity" />
208-->[com.facebook.android:facebook-common:5.15.3] AndroidManifest.xml:34:9-71
208-->[com.facebook.android:facebook-common:5.15.3] AndroidManifest.xml:34:19-68
209        <!--
210         The initialization ContentProvider will call FacebookSdk.sdkInitialize automatically
211         with the application context. This config is merged in with the host app's manifest,
212         but there can only be one provider with the same authority activated at any given
213         point; so if the end user has two or more different apps that use Facebook SDK, only the
214         first one will be able to use the provider. To work around this problem, we use the
215         following placeholder in the authority to identify each host application as if it was
216         a completely different provider.
217        -->
218        <provider
218-->[com.facebook.android:facebook-core:5.15.3] AndroidManifest.xml:39:9-42:40
219            android:name="com.facebook.internal.FacebookInitProvider"
219-->[com.facebook.android:facebook-core:5.15.3] AndroidManifest.xml:40:13-70
220            android:authorities="com.indglobalyomess.FacebookInitProvider"
220-->[com.facebook.android:facebook-core:5.15.3] AndroidManifest.xml:41:13-72
221            android:exported="false" />
221-->[com.facebook.android:facebook-core:5.15.3] AndroidManifest.xml:42:13-37
222
223        <receiver
223-->[com.facebook.android:facebook-core:5.15.3] AndroidManifest.xml:44:9-50:20
224            android:name="com.facebook.CurrentAccessTokenExpirationBroadcastReceiver"
224-->[com.facebook.android:facebook-core:5.15.3] AndroidManifest.xml:45:13-86
225            android:exported="false" >
225-->[com.facebook.android:facebook-core:5.15.3] AndroidManifest.xml:46:13-37
226            <intent-filter>
226-->[com.facebook.android:facebook-core:5.15.3] AndroidManifest.xml:47:13-49:29
227                <action android:name="com.facebook.sdk.ACTION_CURRENT_ACCESS_TOKEN_CHANGED" />
227-->[com.facebook.android:facebook-core:5.15.3] AndroidManifest.xml:48:17-95
227-->[com.facebook.android:facebook-core:5.15.3] AndroidManifest.xml:48:25-92
228            </intent-filter>
229        </receiver>
230
231        <activity
231-->[com.google.firebase:firebase-auth:19.3.1] AndroidManifest.xml:24:9-31:50
232            android:name="com.google.firebase.auth.internal.FederatedSignInActivity"
232-->[com.google.firebase:firebase-auth:19.3.1] AndroidManifest.xml:25:13-85
233            android:excludeFromRecents="true"
233-->[com.google.firebase:firebase-auth:19.3.1] AndroidManifest.xml:26:13-46
234            android:exported="true"
234-->[com.google.firebase:firebase-auth:19.3.1] AndroidManifest.xml:27:13-36
235            android:launchMode="singleTask"
235-->[com.google.firebase:firebase-auth:19.3.1] AndroidManifest.xml:28:13-44
236            android:permission="com.google.firebase.auth.api.gms.permission.LAUNCH_FEDERATED_SIGN_IN"
236-->[com.google.firebase:firebase-auth:19.3.1] AndroidManifest.xml:29:13-102
237            android:theme="@android:style/Theme.Translucent.NoTitleBar" />
237-->[com.google.firebase:firebase-auth:19.3.1] AndroidManifest.xml:30:13-72
238
239        <provider
239-->[com.google.firebase:firebase-common:19.3.0] AndroidManifest.xml:26:9-30:39
240            android:name="com.google.firebase.provider.FirebaseInitProvider"
240-->[com.google.firebase:firebase-common:19.3.0] AndroidManifest.xml:27:13-77
241            android:authorities="com.indglobalyomess.firebaseinitprovider"
241-->[com.google.firebase:firebase-common:19.3.0] AndroidManifest.xml:28:13-72
242            android:exported="false"
242-->[com.google.firebase:firebase-common:19.3.0] AndroidManifest.xml:29:13-37
243            android:initOrder="100" /> <!-- Needs to be explicitly declared on P+ -->
243-->[com.google.firebase:firebase-common:19.3.0] AndroidManifest.xml:30:13-36
244        <uses-library
244-->[com.google.android.gms:play-services-maps:17.0.0] AndroidManifest.xml:33:9-35:40
245            android:name="org.apache.http.legacy"
245-->[com.google.android.gms:play-services-maps:17.0.0] AndroidManifest.xml:34:13-50
246            android:required="false" />
246-->[com.google.android.gms:play-services-maps:17.0.0] AndroidManifest.xml:35:13-37
247
248        <activity
248-->[com.google.android.gms:play-services-base:17.1.0] AndroidManifest.xml:23:9-26:75
249            android:name="com.google.android.gms.common.api.GoogleApiActivity"
249-->[com.google.android.gms:play-services-base:17.1.0] AndroidManifest.xml:24:13-79
250            android:exported="false"
250-->[com.google.android.gms:play-services-base:17.1.0] AndroidManifest.xml:25:13-37
251            android:theme="@android:style/Theme.Translucent.NoTitleBar" />
251-->[com.google.android.gms:play-services-base:17.1.0] AndroidManifest.xml:26:13-72
252
253        <meta-data
253-->[com.google.android.gms:play-services-basement:17.0.0] AndroidManifest.xml:23:9-25:69
254            android:name="com.google.android.gms.version"
254-->[com.google.android.gms:play-services-basement:17.0.0] AndroidManifest.xml:24:13-58
255            android:value="@integer/google_play_services_version" />
255-->[com.google.android.gms:play-services-basement:17.0.0] AndroidManifest.xml:25:13-66
256
257        <service
257-->[com.google.android.datatransport:transport-backend-cct:2.2.0] AndroidManifest.xml:29:9-35:19
258            android:name="com.google.android.datatransport.runtime.backends.TransportBackendDiscovery"
258-->[com.google.android.datatransport:transport-backend-cct:2.2.0] AndroidManifest.xml:30:13-103
259            android:exported="false" >
259-->[com.google.android.datatransport:transport-backend-cct:2.2.0] AndroidManifest.xml:31:13-37
260            <meta-data
260-->[com.google.android.datatransport:transport-backend-cct:2.2.0] AndroidManifest.xml:32:13-34:39
261                android:name="backend:com.google.android.datatransport.cct.CctBackendFactory"
261-->[com.google.android.datatransport:transport-backend-cct:2.2.0] AndroidManifest.xml:33:17-94
262                android:value="cct" />
262-->[com.google.android.datatransport:transport-backend-cct:2.2.0] AndroidManifest.xml:34:17-36
263        </service>
264        <service
264-->[com.google.android.datatransport:transport-runtime:2.2.0] AndroidManifest.xml:26:9-30:19
265            android:name="com.google.android.datatransport.runtime.scheduling.jobscheduling.JobInfoSchedulerService"
265-->[com.google.android.datatransport:transport-runtime:2.2.0] AndroidManifest.xml:27:13-117
266            android:exported="false"
266-->[com.google.android.datatransport:transport-runtime:2.2.0] AndroidManifest.xml:28:13-37
267            android:permission="android.permission.BIND_JOB_SERVICE" >
267-->[com.google.android.datatransport:transport-runtime:2.2.0] AndroidManifest.xml:29:13-69
268        </service>
269
270        <receiver
270-->[com.google.android.datatransport:transport-runtime:2.2.0] AndroidManifest.xml:32:9-34:40
271            android:name="com.google.android.datatransport.runtime.scheduling.jobscheduling.AlarmManagerSchedulerBroadcastReceiver"
271-->[com.google.android.datatransport:transport-runtime:2.2.0] AndroidManifest.xml:33:13-132
272            android:exported="false" />
272-->[com.google.android.datatransport:transport-runtime:2.2.0] AndroidManifest.xml:34:13-37
273    </application>
274
275</manifest>